2020-03-18T14:10:36+00:00 CRITICAL Uncaught Error: Call to a member function get_gallery_image_ids() on bool in /Users/lid/Desktop/Wordpress/6ixty7/wp-content/themes/flatsome/woocommerce/content-single-product-lightbox.php:8
Stack trace:
#0 /Users/lid/Desktop/Wordpress/6ixty7/wp-content/plugins/woocommerce/includes/wc-core-functions.php(251): include()
#1 /Users/lid/Desktop/Wordpress/6ixty7/wp-content/themes/flatsome/inc/extensions/flatsome-wc-quick-view/flatsome-quick-view.php(41): wc_get_template('content-single-...')
#2 /Users/lid/Desktop/Wordpress/6ixty7/wp-includes/class-wp-hook.php(288): flatsome_quickview('')
#3 /Users/lid/Desktop/Wordpress/6ixty7/wp-includes/class-wp-hook.php(312): WP_Hook->apply_filters('', Array)
#4 /Users/lid/Desktop/Wordpress/6ixty7/wp-includes/plugin.php(478): WP_Hook->do_action(Array)
#5 /Users/lid/Desktop/Wordpress/6ixty7/wp-admin/admin-ajax.php(175): do_action('wp_ajax_flatsom...')
#6 {main}
  thrown in /Users/lid/Desktop/Wordpress/6ixty7/wp-content/themes/flatsome/woocommerce/content-single-product-lightbox.php on line 8

2020-03-18T14:10:40+00:00 CRITICAL Uncaught Error: Call to a member function get_gallery_image_ids() on bool in /Users/lid/Desktop/Wordpress/6ixty7/wp-content/themes/flatsome/woocommerce/content-single-product-lightbox.php:8
Stack trace:
#0 /Users/lid/Desktop/Wordpress/6ixty7/wp-content/plugins/woocommerce/includes/wc-core-functions.php(251): include()
#1 /Users/lid/Desktop/Wordpress/6ixty7/wp-content/themes/flatsome/inc/extensions/flatsome-wc-quick-view/flatsome-quick-view.php(41): wc_get_template('content-single-...')
#2 /Users/lid/Desktop/Wordpress/6ixty7/wp-includes/class-wp-hook.php(288): flatsome_quickview('')
#3 /Users/lid/Desktop/Wordpress/6ixty7/wp-includes/class-wp-hook.php(312): WP_Hook->apply_filters('', Array)
#4 /Users/lid/Desktop/Wordpress/6ixty7/wp-includes/plugin.php(478): WP_Hook->do_action(Array)
#5 /Users/lid/Desktop/Wordpress/6ixty7/wp-admin/admin-ajax.php(175): do_action('wp_ajax_flatsom...')
#6 {main}
  thrown in /Users/lid/Desktop/Wordpress/6ixty7/wp-content/themes/flatsome/woocommerce/content-single-product-lightbox.php on line 8

2020-03-18T17:19:18+00:00 CRITICAL Uncaught Error: Call to a member function get_gallery_image_ids() on bool in /Users/lid/Desktop/Wordpress/6ixty7/wp-content/themes/flatsome/woocommerce/content-single-product-lightbox.php:8
Stack trace:
#0 /Users/lid/Desktop/Wordpress/6ixty7/wp-content/plugins/woocommerce/includes/wc-core-functions.php(251): include()
#1 /Users/lid/Desktop/Wordpress/6ixty7/wp-content/themes/flatsome/inc/extensions/flatsome-wc-quick-view/flatsome-quick-view.php(41): wc_get_template('content-single-...')
#2 /Users/lid/Desktop/Wordpress/6ixty7/wp-includes/class-wp-hook.php(288): flatsome_quickview('')
#3 /Users/lid/Desktop/Wordpress/6ixty7/wp-includes/class-wp-hook.php(312): WP_Hook->apply_filters('', Array)
#4 /Users/lid/Desktop/Wordpress/6ixty7/wp-includes/plugin.php(478): WP_Hook->do_action(Array)
#5 /Users/lid/Desktop/Wordpress/6ixty7/wp-admin/admin-ajax.php(175): do_action('wp_ajax_flatsom...')
#6 {main}
  thrown in /Users/lid/Desktop/Wordpress/6ixty7/wp-content/themes/flatsome/woocommerce/content-single-product-lightbox.php on line 8

